Q/build/intermediates/manifest_merge_blame_file/debug/manifest-merger-blame-debug-report.txt
1<?xml version="1.0" encoding="utf-8"?>
2<manifest xmlns:android="http://schemas.android.com/apk/res/android"
3    package="com.android_q.egg" >
4
5    <uses-sdk
6        android:minSdkVersion="21"
6-->AndroidEggs/Q/AndroidManifest.xml
7        android:targetSdkVersion="30" />
7-->AndroidEggs/Q/AndroidManifest.xml
8
9    <application>
9-->AndroidEggs/Q/AndroidManifest.xml:5:5-16:19
10        <activity
10-->AndroidEggs/Q/AndroidManifest.xml:6:9-9:84
11            android:name="com.android_q.egg.PlatLogoActivity"
11-->AndroidEggs/Q/AndroidManifest.xml:7:13-45
12            android:configChanges="orientation|keyboardHidden"
12-->AndroidEggs/Q/AndroidManifest.xml:8:13-63
13            android:theme="@android:style/Theme.DeviceDefault.Light.NoActionBar" />
13-->AndroidEggs/Q/AndroidManifest.xml:9:13-81
14        <activity
14-->AndroidEggs/Q/AndroidManifest.xml:11:9-15:50
15            android:name="com.android_q.egg.quares.QuaresActivity"
15-->AndroidEggs/Q/AndroidManifest.xml:12:13-50
16            android:icon="@drawable/q_icon"
16-->AndroidEggs/Q/AndroidManifest.xml:13:13-44
17            android:label="@string/q_egg_name"
17-->AndroidEggs/Q/AndroidManifest.xml:14:13-47
18            android:theme="@style/QuaresTheme" />
18-->AndroidEggs/Q/AndroidManifest.xml:15:13-47
19    </application>
20
21</manifest>